
+++ BOW FOR DATA SET +++
training_sets/flavia_leaves_b
*** TRAIN DESCRIPTORS INFO ***
No Documents: 175
No Classes: 3
No total descriptors: 79682
No max desrcriptors in an image: 1865
Descriptors processing time: 120.68

*** BOW DICTIONARY INFO ***
Dictionary size: 30
Dictionary processing time:
7110000 clicks 7.11 seconds

*** CLASSIFIER TRAINING ***
Processing directory: training_sets/flavia_leaves_b/class1
No files: 53
Processing directory: training_sets/flavia_leaves_b/class2
No files: 57
Processing directory: training_sets/flavia_leaves_b/class4
No files: 65
No files: 0
[30 x 175] * [1 x 175]
training data matrix accepted
labels matrix accepted
 Training processing time:
0 clicks 0 seconds

*** CLASSIFIER EVALUATION ***
Processing directory: test_sets/flavia_leaves_b/class1
No files: 6
Processing directory: test_sets/flavia_leaves_b/class2
No files: 6
Processing directory: test_sets/flavia_leaves_b/class4
No files: 7
No files: 0
 Classifier evaluation time:
0 clicks 0 seconds
Accuracy rate: 0.894737
Classifier Results
[1;
  4;
  1;
  1;
  1;
  1;
  2;
  2;
  2;
  2;
  2;
  2;
  1;
  4;
  4;
  4;
  4;
  4;
  4]


+++ BOW FOR DATA SET +++
training_sets/flavia_leaves_b
*** TRAIN DESCRIPTORS INFO ***
No Documents: 175
No Classes: 3
No total descriptors: 79682
No max desrcriptors in an image: 1865
Descriptors processing time: 120.68

*** BOW DICTIONARY INFO ***
Dictionary size: 100
Dictionary processing time:
20920000 clicks 20.92 seconds

*** CLASSIFIER TRAINING ***
Processing directory: training_sets/flavia_leaves_b/class1
No files: 53
Processing directory: training_sets/flavia_leaves_b/class2
No files: 57
Processing directory: training_sets/flavia_leaves_b/class4
No files: 65
No files: 0
[100 x 175] * [1 x 175]
training data matrix accepted
labels matrix accepted
 Training processing time:
1630000 clicks 1.63 seconds

*** CLASSIFIER EVALUATION ***
Processing directory: test_sets/flavia_leaves_b/class1
No files: 6
Processing directory: test_sets/flavia_leaves_b/class2
No files: 6
Processing directory: test_sets/flavia_leaves_b/class4
No files: 7
No files: 0
 Classifier evaluation time:
0 clicks 0 seconds
Accuracy rate: 0.947368
Classifier Results
[1;
  4;
  1;
  1;
  1;
  1;
  2;
  2;
  2;
  2;
  2;
  2;
  4;
  4;
  4;
  4;
  4;
  4;
  4]


+++ BOW FOR DATA SET +++
training_sets/flavia_leaves_b
*** TRAIN DESCRIPTORS INFO ***
No Documents: 175
No Classes: 3
No total descriptors: 79682
No max desrcriptors in an image: 1865
Descriptors processing time: 120.68

*** BOW DICTIONARY INFO ***
Dictionary size: 100
Dictionary processing time:
22550000 clicks 22.55 seconds

Processing directory: training_sets/flavia_leaves_b/class1
No files: 53
Processing directory: training_sets/flavia_leaves_b/class2
No files: 57
Processing directory: training_sets/flavia_leaves_b/class4
No files: 65
No files: 0
*** CLASSIFIER TRAINING ***
Classfier model loaded
*** CLASSIFIER EVALUATION ***
Processing directory: test_sets/flavia_leaves_b/class1
No files: 6
Processing directory: test_sets/flavia_leaves_b/class2
No files: 6
Processing directory: test_sets/flavia_leaves_b/class4
No files: 7
No files: 0
 Classifier evaluation time:
0 clicks 0 seconds
Accuracy rate: 0.947368
Classifier Results
[1;
  4;
  1;
  1;
  1;
  1;
  2;
  2;
  2;
  2;
  2;
  2;
  4;
  4;
  4;
  4;
  4;
  4;
  4]


+++ BOW FOR DATA SET +++
training_sets/flavia_leaves_b
*** TRAIN DESCRIPTORS INFO ***
No Documents: 175
No Classes: 3
No total descriptors: 79682
No max desrcriptors in an image: 1865
Descriptors processing time: 120.68

*** BOW DICTIONARY INFO ***
Dictionary size: 100
Dictionary processing time:
22310000 clicks 22.31 seconds

*** CLASSIFIER TRAINING ***
Classfier model loaded
*** CLASSIFIER EVALUATION ***
Processing directory: test_sets/flavia_leaves_b/class1
No files: 6
Processing directory: test_sets/flavia_leaves_b/class2
No files: 6
Processing directory: test_sets/flavia_leaves_b/class4
No files: 7
No files: 0
 Classifier evaluation time:
0 clicks 0 seconds
Accuracy rate: 0.947368
Classifier Results
[1;
  4;
  1;
  1;
  1;
  1;
  2;
  2;
  2;
  2;
  2;
  2;
  4;
  4;
  4;
  4;
  4;
  4;
  4]

